<?xml version='1.0' encoding='UTF-8'?>
<test-case
    xmlns='http://www.wetator.org/xsd/test-case'
    xmlns:d='http://www.wetator.org/xsd/default-command-set'
    xmlns:xsi='http://www.w3.org/2001/XMLSchema-instance'
    xsi:schemaLocation='http://www.wetator.org/xsd/test-case test-case-1.0.0.xsd http://www.wetator.org/xsd/default-command-set default-command-set-1.0.0.xsd'
    version='1.0.0'>
    <comment>Just a comment</comment>
    <command><d:open-url><d:url>set.html</d:url></d:open-url></command>
    <command><d:assert-title><d:title>Wetator / Set</d:title></d:assert-title></command>
    <command><d:set><d:wpath>inputText_Name</d:wpath><d:value>testValue</d:value></d:set></command>
    <command><d:click-on><d:wpath>InputTextNameTest</d:wpath></d:click-on></command>
    <command disabled="true"><d:click-on><d:wpath>Just another comment</d:wpath></d:click-on></command>
    <command><d:assert-content><d:content>GET Parameters Key Value inputText_Name testValue InputTextNameTest OK</d:content></d:assert-content></command>
    <comment></comment>
    <comment></comment>
</test-case>